<?xml version="1.0" encoding="utf-8"?><testsuites name="pytest tests"><testsuite name="pytest" errors="0" failures="1" skipped="0" tests="17" time="30.321" timestamp="2026-05-07T14:38:28.896069+00:00" hostname="agent-env-9fdbc7ca-b290-4f63-8906-c08e024fc123"><testcase classname="backend.tests.test_stripe_social.TestPricing" name="test_pricing_returns_three_packages" time="0.323" /><testcase classname="backend.tests.test_stripe_social.TestCheckoutSession" name="test_create_session_each_package[guide_pdf]" time="0.563" /><testcase classname="backend.tests.test_stripe_social.TestCheckoutSession" name="test_create_session_each_package[pro_month]" time="0.436" /><testcase classname="backend.tests.test_stripe_social.TestCheckoutSession" name="test_create_session_each_package[pro_annual]" time="0.443" /><testcase classname="backend.tests.test_stripe_social.TestCheckoutSession" name="test_invalid_package_returns_400" time="0.066" /><testcase classname="backend.tests.test_stripe_social.TestCheckoutSession" name="test_transaction_persisted_after_checkout" time="0.431" /><testcase classname="backend.tests.test_stripe_social.TestCheckoutStatus" name="test_status_invalid_session_id" time="0.253" /><testcase classname="backend.tests.test_stripe_social.TestStripeWebhook" name="test_webhook_bad_signature_400" time="0.071" /><testcase classname="backend.tests.test_stripe_social.TestEntitlements" name="test_empty_entitlements_for_new_session" time="0.069" /><testcase classname="backend.tests.test_stripe_social.TestSocialPost" name="test_social_post_503_when_unconfigured_with_valid_listing" time="23.273"><failure message="AssertionError: {&quot;detail&quot;:&quot;AI returned invalid JSON: Expecting ',' delimiter: line 10 column 383 (char 2672)&quot;}&#10;assert 500 == 200&#10; +  where 500 = &lt;Response [500]&gt;.status_code">E   AssertionError: {"detail":"AI returned invalid JSON: Expecting ',' delimiter: line 10 column 383 (char 2672)"}
    assert 500 == 200
     +  where 500 = &lt;Response [500]&gt;.status_code</failure></testcase><testcase classname="backend.tests.test_stripe_social.TestSocialPost" name="test_social_post_nonexistent_listing" time="0.069" /><testcase classname="backend.tests.test_stripe_social.TestRegression" name="test_root" time="0.066" /><testcase classname="backend.tests.test_stripe_social.TestRegression" name="test_examples" time="0.067" /><testcase classname="backend.tests.test_stripe_social.TestRegression" name="test_listings_by_session" time="0.066" /><testcase classname="backend.tests.test_stripe_social.TestRegression" name="test_feedback" time="0.069" /><testcase classname="backend.tests.test_stripe_social.TestRegression" name="test_advisor_basic" time="3.886" /><testcase classname="backend.tests.test_stripe_social.TestRegression" name="test_rewrite_validation_short" time="0.080" /></testsuite></testsuites>