<?xml version="1.0" encoding="utf-8"?><testsuites name="pytest tests"><testsuite name="pytest" errors="0" failures="0" skipped="0" tests="11" time="77.030" timestamp="2026-05-07T00:23:32.752590+00:00" hostname="agent-env-9fdbc7ca-b290-4f63-8906-c08e024fc123"><testcase classname="backend.tests.test_listworks" name="test_root" time="0.276" /><testcase classname="backend.tests.test_listworks" name="test_examples" time="0.228" /><testcase classname="backend.tests.test_listworks" name="test_feedback" time="0.215" /><testcase classname="backend.tests.test_listworks" name="test_rewrite_validation_short" time="0.154" /><testcase classname="backend.tests.test_listworks" name="test_rewrite_modern" time="15.292" /><testcase classname="backend.tests.test_listworks" name="test_rewrite_all_tones[Luxury]" time="13.456" /><testcase classname="backend.tests.test_listworks" name="test_rewrite_all_tones[Cozy]" time="15.148" /><testcase classname="backend.tests.test_listworks" name="test_rewrite_all_tones[Family]" time="14.751" /><testcase classname="backend.tests.test_listworks" name="test_rewrite_all_tones[Investor]" time="13.990" /><testcase classname="backend.tests.test_listworks" name="test_listings_by_session" time="0.180" /><testcase classname="backend.tests.test_listworks" name="test_analyze_photo" time="3.117" /></testsuite></testsuites>