<?xml version="1.0" encoding="utf-8"?><testsuites name="pytest tests"><testsuite name="pytest" errors="0" failures="0" skipped="0" tests="20" time="175.180" timestamp="2026-05-07T01:05:21.627313+00:00" hostname="agent-env-9fdbc7ca-b290-4f63-8906-c08e024fc123"><testcase classname="backend.tests.test_listworks" name="test_root" time="0.211" /><testcase classname="backend.tests.test_listworks" name="test_examples" time="0.145" /><testcase classname="backend.tests.test_listworks" name="test_feedback" time="0.139" /><testcase classname="backend.tests.test_listworks" name="test_rewrite_validation_short" time="0.154" /><testcase classname="backend.tests.test_listworks" name="test_rewrite_modern" time="26.486" /><testcase classname="backend.tests.test_listworks" name="test_rewrite_all_tones[Luxury]" time="25.040" /><testcase classname="backend.tests.test_listworks" name="test_rewrite_all_tones[Cozy]" time="24.716" /><testcase classname="backend.tests.test_listworks" name="test_rewrite_all_tones[Family]" time="26.621" /><testcase classname="backend.tests.test_listworks" name="test_rewrite_all_tones[Investor]" time="27.057" /><testcase classname="backend.tests.test_listworks" name="test_listings_by_session" time="0.251" /><testcase classname="backend.tests.test_listworks" name="test_analyze_photo" time="2.772" /><testcase classname="backend.tests.test_listworks" name="test_advisor_basic" time="7.471" /><testcase classname="backend.tests.test_listworks" name="test_advisor_followup_with_history" time="8.576" /><testcase classname="backend.tests.test_listworks" name="test_video_generate_success" time="24.097" /><testcase classname="backend.tests.test_listworks" name="test_video_serve" time="0.551" /><testcase classname="backend.tests.test_listworks" name="test_video_serve_404" time="0.168" /><testcase classname="backend.tests.test_listworks" name="test_video_serve_bad_filename" time="0.145" /><testcase classname="backend.tests.test_listworks" name="test_video_validation_empty_photos" time="0.125" /><testcase classname="backend.tests.test_listworks" name="test_video_validation_bad_music" time="0.208" /><testcase classname="backend.tests.test_listworks" name="test_video_validation_bad_fmt" time="0.139" /></testsuite></testsuites>